yarn run v1.22.22
$ next start
 тип Failed to start server
Error: listen EADDRINUSE: address already in use :::3000
    at Server.setupListenHandle [as _listen2] (node:net:1937:16)
    at listenInCluster (node:net:1994:12)
    at Server.listen (node:net:2099:7)
    at /home/ubuntu/trainable-chatbot/node_modules/next/dist/server/lib/start-server.js:280:16
    at new Promise (<anonymous>)
    at startServer (/home/ubuntu/trainable-chatbot/node_modules/next/dist/server/lib/start-server.js:191:11)
    at Module.nextStart (/home/ubuntu/trainable-chatbot/node_modules/next/dist/cli/next-start.js:25:40)
    at /home/ubuntu/trainable-chatbot/node_modules/next/dist/bin/next:105:856 {
  code: 'EADDRINUSE',
  errno: -98,
  syscall: 'listen',
  address: '::',
  port: 3000
}
error Command failed with exit code 1.
info Visit https://yarnpkg.com/en/docs/cli/run for documentation about this command.
